Setting environment for using Microsoft Visual Studio 2008 x86 tools.
###
### Using 'vc9' toolset.
###

c:\Work\Reaping2\deps\boost_1_54_0\tools\build\v2\engine>if exist bootstrap rd /S /Q bootstrap 

c:\Work\Reaping2\deps\boost_1_54_0\tools\build\v2\engine>md bootstrap 

c:\Work\Reaping2\deps\boost_1_54_0\tools\build\v2\engine>cl /nologo /RTC1 /Zi /MTd /Fobootstrap/ /Fdbootstrap/ -DNT -DYYDEBUG -wd4996 kernel32.lib advapi32.lib user32.lib /Febootstrap\jam0  command.c compile.c constants.c debug.c execcmd.c execnt.c filent.c frames.c function.c glob.c hash.c hdrmacro.c headers.c jam.c jambase.c jamgram.c lists.c make.c make1.c object.c option.c output.c parse.c pathnt.c pathsys.c regexp.c rules.c scan.c search.c subst.c timestamp.c variable.c modules.c strings.c filesys.c builtins.c md5.c class.c cwd.c w32_getreg.c native.c modules/set.c modules/path.c modules/regex.c modules/property-set.c modules/sequence.c modules/order.c 
command.c
compile.c
constants.c
debug.c
execcmd.c
execnt.c
filent.c
frames.c
function.c
glob.c
hash.c
hdrmacro.c
headers.c
jam.c
jambase.c
jamgram.c
lists.c
make.c
make1.c
object.c
Generating Code...
Compiling...
option.c
output.c
parse.c
pathnt.c
pathsys.c
regexp.c
rules.c
scan.c
search.c
subst.c
timestamp.c
variable.c
modules.c
strings.c
filesys.c
builtins.c
md5.c
class.c
cwd.c
w32_getreg.c
Generating Code...
Compiling...
native.c
set.c
path.c
regex.c
property-set.c
sequence.c
order.c
Generating Code...

c:\Work\Reaping2\deps\boost_1_54_0\tools\build\v2\engine>.\bootstrap\jam0 -f build.jam --toolset=vc9 "--toolset-root=C:\Program Files (x86)\Microsoft Visual Studio 9.0\Common7\Tools\..\..\VC\ "  clean 
...found 1 target...
...updating 1 target...
...updated 1 target...

c:\Work\Reaping2\deps\boost_1_54_0\tools\build\v2\engine>.\bootstrap\jam0 -f build.jam --toolset=vc9 "--toolset-root=C:\Program Files (x86)\Microsoft Visual Studio 9.0\Common7\Tools\..\..\VC\ "  
...found 159 targets...
...updating 2 targets...
[COMPILE] bin.ntx86\b2.exe
command.c
compile.c
constants.c
debug.c
execcmd.c
frames.c
function.c
glob.c
hash.c
hcache.c
headers.c
hdrmacro.c
jam.c
jambase.c
jamgram.c
lists.c
make.c
make1.c
mem.c
object.c
Generating Code...
Compiling...
option.c
output.c
parse.c
pathsys.c
regexp.c
rules.c
scan.c
search.c
subst.c
w32_getreg.c
timestamp.c
variable.c
modules.c
strings.c
filesys.c
builtins.c
class.c
cwd.c
native.c
md5.c
Generating Code...
Compiling...
set.c
path.c
regex.c
property-set.c
sequence.c
order.c
execnt.c
filent.c
pathnt.c
Generating Code...
[COPY] bin.ntx86\bjam.exe
...updated 2 targets...
